Success: Notification sent to Discord
Success: Notification sent to Discord
Success! Website should update now.
✅ 创世文章已发布至 insights/aion_genesis.md
🚀 AION 帝国文章已成功穿透时区限制，在 Dev.to 上线！
Success: Notification sent to Discord
Success: Notification sent to Discord
✅ 已上传: 2026-03-17_cn_PhysMoDPO_PhysicallyPlausibl.md
✅ 已上传: 2026-03-17_en_PhysMoDPO_PhysicallyPlausibl.md
✅ 已上传: 2026-03-17_jp_PhysMoDPO_PhysicallyPlausibl.md
✅ 已上传: 2026-03-17_fr_PhysMoDPO_PhysicallyPlausibl.md
✅ 已上传: 2026-03-17_es_PhysMoDPO_PhysicallyPlausibl.md
Success: Notification sent to Discord
🚀 AION 帝国文章已成功穿透时区限制，在 Dev.to 上线！
Success: Notification sent to Discord
Success: Notification sent to Discord
✅ 已上传: 2026-03-17_cn_Diffusion_Reinforcement_Learni.md
✅ 已上传: 2026-03-17_en_Diffusion_Reinforcement_Learni.md
✅ 已上传: 2026-03-17_jp_Diffusion_Reinforcement_Learni.md
✅ 已上传: 2026-03-17_fr_Diffusion_Reinforcement_Learni.md
✅ 已上传: 2026-03-17_es_Diffusion_Reinforcement_Learni.md
Success: Notification sent to Discord
🚀 AION 帝国文章已成功穿透时区限制，在 Dev.to 上线！
Success: Notification sent to Discord
Success: Notification sent to Discord
✅ 已上传: 2026-03-17_cn_MixtureofDepths_Attention.md
✅ 已上传: 2026-03-17_en_MixtureofDepths_Attention.md
✅ 已上传: 2026-03-17_jp_MixtureofDepths_Attention.md
✅ 已上传: 2026-03-17_fr_MixtureofDepths_Attention.md
✅ 已上传: 2026-03-17_es_MixtureofDepths_Attention.md
Success: Notification sent to Discord
🚀 AION 帝国文章已成功穿透时区限制，在 Dev.to 上线！
✅ 已上传: 2026-03-18_cn_MixtureofDepths_Attention.md
✅ 已上传: 2026-03-18_en_MixtureofDepths_Attention.md
✅ 已上传: 2026-03-18_jp_MixtureofDepths_Attention.md
✅ 已上传: 2026-03-18_fr_MixtureofDepths_Attention.md
✅ 已上传: 2026-03-18_es_MixtureofDepths_Attention.md
🚀 AION 帝国文章已成功穿透时区限制，在 Dev.to 上线！
✅ 已上传: 2026-03-18_cn_TRUSTSQL_ToolIntegrated_Mul.md
✅ 已上传: 2026-03-18_en_TRUSTSQL_ToolIntegrated_Mul.md
✅ 已上传: 2026-03-18_jp_TRUSTSQL_ToolIntegrated_Mul.md
✅ 已上传: 2026-03-18_fr_TRUSTSQL_ToolIntegrated_Mul.md
✅ 已上传: 2026-03-18_es_TRUSTSQL_ToolIntegrated_Mul.md
